<?xml version="1.0" encoding="UTF-8"?>
<!-- Generated by org.testng.reporters.JUnitReportReporter -->
<testsuite skipped="0" hostname="hp-PC" name="vivek.facebooktest" tests="1" failures="0" timestamp="12 Dec 2018 16:21:44 GMT" time="34.090" errors="0">
  <testcase name="login" time="34.090" classname="vivek.facebooktest"/>
</testsuite> <!-- vivek.facebooktest -->
