<?xml version="1.0" encoding="UTF-8"?>
<!-- Generated by org.testng.reporters.JUnitReportReporter -->
<testsuite hostname="hp-PC" name="vivek.facebooktest" tests="1" failures="0" timestamp="16 Nov 2018 08:29:20 GMT" time="18.240" errors="0">
  <testcase name="login" time="18.240" classname="vivek.facebooktest"/>
</testsuite> <!-- vivek.facebooktest -->
